0 info it worked if it ends with ok
1 verbose cli [ '/usr/local/bin/node',
1 verbose cli   '/usr/local/bin/npm',
1 verbose cli   'install',
1 verbose cli   'node-express',
1 verbose cli   '--save' ]
2 info using npm@2.10.1
3 info using node@v0.12.4
4 verbose install initial load of /var/www/html/begginingExpress/package.json
5 warn package.json expressbook@1.0.0 No repository field.
6 warn package.json expressbook@1.0.0 No README data
7 verbose installManyTop reading scoped package data from /var/www/html/begginingExpress/node_modules/coffee-script/package.json
8 verbose installManyTop reading scoped package data from /var/www/html/begginingExpress/node_modules/express/package.json
9 verbose installManyTop reading scoped package data from /var/www/html/begginingExpress/node_modules/jade/package.json
10 verbose installManyTop reading scoped package data from /var/www/html/begginingExpress/node_modules/stylus/package.json
11 verbose readDependencies loading dependencies from /var/www/html/begginingExpress/package.json
12 silly cache add args [ 'node-express', null ]
13 verbose cache add spec node-express
14 silly cache add parsed spec { raw: 'node-express',
14 silly cache add   scope: null,
14 silly cache add   name: 'node-express',
14 silly cache add   rawSpec: '',
14 silly cache add   spec: '*',
14 silly cache add   type: 'range' }
15 silly addNamed node-express@*
16 verbose addNamed "*" is a valid semver range for node-express
17 silly addNameRange { name: 'node-express', range: '*', hasData: false }
18 silly mapToRegistry name node-express
19 silly mapToRegistry using default registry
20 silly mapToRegistry registry https://registry.npmjs.org/
21 silly mapToRegistry uri https://registry.npmjs.org/node-express
22 verbose addNameRange registry:https://registry.npmjs.org/node-express not in flight; fetching
23 verbose request uri https://registry.npmjs.org/node-express
24 verbose request no auth needed
25 info attempt registry request try #1 at 14:12:14
26 verbose request id ff6f659c850c3bd1
27 http request GET https://registry.npmjs.org/node-express
28 http 404 https://registry.npmjs.org/node-express
29 verbose headers { 'content-type': 'application/json',
29 verbose headers   'cache-control': 'max-age=0',
29 verbose headers   'content-length': '2',
29 verbose headers   'accept-ranges': 'bytes',
29 verbose headers   date: 'Sun, 06 Sep 2015 04:12:03 GMT',
29 verbose headers   via: '1.1 varnish',
29 verbose headers   age: '0',
29 verbose headers   connection: 'keep-alive',
29 verbose headers   'x-served-by': 'cache-sjc3134-SJC',
29 verbose headers   'x-cache': 'MISS',
29 verbose headers   'x-cache-hits': '0',
29 verbose headers   'x-timer': 'S1441512723.684360,VS0,VE42' }
30 silly get cb [ 404,
30 silly get   { 'content-type': 'application/json',
30 silly get     'cache-control': 'max-age=0',
30 silly get     'content-length': '2',
30 silly get     'accept-ranges': 'bytes',
30 silly get     date: 'Sun, 06 Sep 2015 04:12:03 GMT',
30 silly get     via: '1.1 varnish',
30 silly get     age: '0',
30 silly get     connection: 'keep-alive',
30 silly get     'x-served-by': 'cache-sjc3134-SJC',
30 silly get     'x-cache': 'MISS',
30 silly get     'x-cache-hits': '0',
30 silly get     'x-timer': 'S1441512723.684360,VS0,VE42' } ]
31 verbose stack Error: Registry returned 404 for GET on https://registry.npmjs.org/node-express
31 verbose stack     at CachingRegistryClient.<anonymous> (/usr/local/lib/node_modules/npm/node_modules/npm-registry-client/lib/request.js:239:14)
31 verbose stack     at Request._callback (/usr/local/lib/node_modules/npm/node_modules/npm-registry-client/lib/request.js:170:14)
31 verbose stack     at Request.self.callback (/usr/local/lib/node_modules/npm/node_modules/request/request.js:368:22)
31 verbose stack     at Request.emit (events.js:110:17)
31 verbose stack     at Request.<anonymous> (/usr/local/lib/node_modules/npm/node_modules/request/request.js:1219:14)
31 verbose stack     at Request.emit (events.js:129:20)
31 verbose stack     at IncomingMessage.<anonymous> (/usr/local/lib/node_modules/npm/node_modules/request/request.js:1167:12)
31 verbose stack     at IncomingMessage.emit (events.js:129:20)
31 verbose stack     at _stream_readable.js:908:16
31 verbose stack     at process._tickCallback (node.js:355:11)
32 verbose statusCode 404
33 verbose pkgid node-express
34 verbose cwd /var/www/html/begginingExpress/server/CH2
35 error Linux 3.16.0-45-generic
36 error argv "/usr/local/bin/node" "/usr/local/bin/npm" "install" "node-express" "--save"
37 error node v0.12.4
38 error npm  v2.10.1
39 error code E404
40 error 404 Registry returned 404 for GET on https://registry.npmjs.org/node-express
40 error 404
40 error 404 'node-express' is not in the npm registry.
40 error 404 You should bug the author to publish it (or use the name yourself!)
40 error 404 It was specified as a dependency of 'expressbook'
40 error 404
40 error 404 Note that you can also install from a
40 error 404 tarball, folder, http url, or git url.
41 verbose exit [ 1, true ]
